\BOOKMARK [1][-]{section.1}{September 13, 2016}{}% 1
\BOOKMARK [2][-]{subsection.1.1}{Software Pedagogy}{section.1}% 2
\BOOKMARK [2][-]{subsection.1.2}{Activities in Development}{section.1}% 3
\BOOKMARK [1][-]{section.2}{September 15, 2016}{}% 4
\BOOKMARK [2][-]{subsection.2.1}{Review of Object Oriented Programming}{section.2}% 5
\BOOKMARK [1][-]{section.3}{September 20, 2016}{}% 6
\BOOKMARK [2][-]{subsection.3.1}{Modelling}{section.3}% 7
\BOOKMARK [2][-]{subsection.3.2}{Software Models}{section.3}% 8
\BOOKMARK [2][-]{subsection.3.3}{Model Considerations}{section.3}% 9
\BOOKMARK [2][-]{subsection.3.4}{Unified Modeling Language \(UML\)}{section.3}% 10
\BOOKMARK [2][-]{subsection.3.5}{Views and Use of Diagrams}{section.3}% 11
\BOOKMARK [2][-]{subsection.3.6}{Structural Modeling}{section.3}% 12
\BOOKMARK [2][-]{subsection.3.7}{Class Relationships}{section.3}% 13
\BOOKMARK [2][-]{subsection.3.8}{Class Generalization}{section.3}% 14
\BOOKMARK [1][-]{section.4}{Paragraph}{}% 15
\BOOKMARK [1][-]{section.5}{Math}{}% 16
\BOOKMARK [2][-]{subsection.5.1}{Using alignment}{section.5}% 17
\BOOKMARK [1][-]{section.6}{Shortcuts}{}% 18
\BOOKMARK [1][-]{section.7}{Theorems and Proofs}{}% 19
\BOOKMARK [1][-]{section.8}{Referencing}{}% 20
\BOOKMARK [1][-]{section.9}{Numbered and Bulleted Lists}{}% 21
